<?xml version="1.0" encoding="UTF-8"?>
<testsuite xmlns:xsi="http://www.w3.org/2001/XMLSchema-instance" xsi:schemaLocation="https://maven.apache.org/surefire/maven-surefire-plugin/xsd/surefire-test-report.xsd" name="com.aegis.cardmanagement.controller.CardActionControllerTest" time="1.629" tests="3" errors="0" skipped="0" failures="0">
  <properties>
[...]
</properties>
  <testcase name="doAction" classname="com.aegis.cardmanagement.controller.CardActionControllerTest" time="0.049"/>
  <testcase name="getActions" classname="com.aegis.cardmanagement.controller.CardActionControllerTest" time="0.011"/>
  <testcase name="getAction" classname="com.aegis.cardmanagement.controller.CardActionControllerTest" time="0.013"/>
</testsuite>